<?xml version="1.0" encoding="UTF-8"?>
<!-- Generated by org.testng.reporters.JUnitReportReporter -->
<testsuite hostname="enjykhaleds-MacBook-Pro.local" failures="0" tests="1" name="testing1.Test1" time="7.662" errors="0" timestamp="2022-08-07T19:54:50 EET" skipped="0">
  <testcase classname="testing1.Test1" name="test_02" time="7.662"/>
  <system-out/>
</testsuite> <!-- testing1.Test1 -->
